0 info it worked if it ends with ok
1 verbose cli [ '/Users/timothymarwick/.nvm/versions/node/v7.6.0/bin/node',
1 verbose cli   '/Users/timothymarwick/.nvm/versions/node/v7.6.0/bin/npm',
1 verbose cli   'publish' ]
2 info using npm@4.1.2
3 info using node@v7.6.0
4 verbose publish [ '.' ]
5 silly cache add args [ '.', null ]
6 verbose cache add spec .
7 silly cache add parsed spec Result {
7 silly cache add   raw: '.',
7 silly cache add   scope: null,
7 silly cache add   escapedName: null,
7 silly cache add   name: null,
7 silly cache add   rawSpec: '.',
7 silly cache add   spec: '/Users/timothymarwick/Sites/magikcraft/magikcraft_npm_mock_package',
7 silly cache add   type: 'directory' }
8 verbose addLocalDirectory /Users/timothymarwick/.npm/magikcraft_npm_mock_package/1.0.1/package.tgz not in flight; packing
9 verbose correctMkdir /Users/timothymarwick/.npm correctMkdir not in flight; initializing
10 info lifecycle magikcraft_npm_mock_package@1.0.1~prepublish: magikcraft_npm_mock_package@1.0.1
11 silly lifecycle magikcraft_npm_mock_package@1.0.1~prepublish: no script for prepublish, continuing
12 info lifecycle magikcraft_npm_mock_package@1.0.1~prepare: magikcraft_npm_mock_package@1.0.1
13 silly lifecycle magikcraft_npm_mock_package@1.0.1~prepare: no script for prepare, continuing
14 verbose tar pack [ '/Users/timothymarwick/.npm/magikcraft_npm_mock_package/1.0.1/package.tgz',
14 verbose tar pack   '/Users/timothymarwick/Sites/magikcraft/magikcraft_npm_mock_package' ]
15 verbose tarball /Users/timothymarwick/.npm/magikcraft_npm_mock_package/1.0.1/package.tgz
16 verbose folder /Users/timothymarwick/Sites/magikcraft/magikcraft_npm_mock_package
17 verbose addLocalTarball adding from inside cache /Users/timothymarwick/.npm/magikcraft_npm_mock_package/1.0.1/package.tgz
18 verbose correctMkdir /Users/timothymarwick/.npm correctMkdir not in flight; initializing
19 silly cache afterAdd magikcraft_npm_mock_package@1.0.1
20 verbose afterAdd /Users/timothymarwick/.npm/magikcraft_npm_mock_package/1.0.1/package/package.json not in flight; writing
21 verbose correctMkdir /Users/timothymarwick/.npm correctMkdir not in flight; initializing
22 verbose afterAdd /Users/timothymarwick/.npm/magikcraft_npm_mock_package/1.0.1/package/package.json written
23 silly publish { name: 'magikcraft_npm_mock_package',
23 silly publish   version: '1.0.1',
23 silly publish   description: 'This is a useless package used for Magikcraft code tests.',
23 silly publish   main: 'index.js',
23 silly publish   scripts: { test: 'echo "Error: no test specified" && exit 1' },
23 silly publish   author: '',
23 silly publish   license: 'ISC',
23 silly publish   readme: '# magikcraft_npm_mock_package\n\nThis is a useless package used for Magikcraft code tests.',
23 silly publish   readmeFilename: 'README.md',
23 silly publish   _id: 'magikcraft_npm_mock_package@1.0.1',
23 silly publish   _shasum: '5b8b0266cabacec3d79f8b125f555065d990037f',
23 silly publish   _from: '.' }
24 info lifecycle magikcraft_npm_mock_package@1.0.1~prepublishOnly: magikcraft_npm_mock_package@1.0.1
25 silly lifecycle magikcraft_npm_mock_package@1.0.1~prepublishOnly: no script for prepublishOnly, continuing
26 verbose getPublishConfig undefined
27 silly mapToRegistry name magikcraft_npm_mock_package
28 silly mapToRegistry using default registry
29 silly mapToRegistry registry https://registry.npmjs.org/
30 silly mapToRegistry data Result {
30 silly mapToRegistry   raw: 'magikcraft_npm_mock_package',
30 silly mapToRegistry   scope: null,
30 silly mapToRegistry   escapedName: 'magikcraft_npm_mock_package',
30 silly mapToRegistry   name: 'magikcraft_npm_mock_package',
30 silly mapToRegistry   rawSpec: '',
30 silly mapToRegistry   spec: 'latest',
30 silly mapToRegistry   type: 'tag' }
31 silly mapToRegistry uri https://registry.npmjs.org/magikcraft_npm_mock_package
32 verbose publish registryBase https://registry.npmjs.org/
33 silly publish uploading /Users/timothymarwick/.npm/magikcraft_npm_mock_package/1.0.1/package.tgz
34 verbose request uri https://registry.npmjs.org/magikcraft_npm_mock_package
35 verbose request sending authorization for write operation
36 info attempt registry request try #1 at 3:15:32 PM
37 verbose request using bearer token for auth
38 verbose request id d25aba03f2a5cae6
39 http request PUT https://registry.npmjs.org/magikcraft_npm_mock_package
40 http 403 https://registry.npmjs.org/magikcraft_npm_mock_package
41 verbose headers { 'content-type': 'application/json',
41 verbose headers   'cache-control': 'max-age=300',
41 verbose headers   'content-length': '95',
41 verbose headers   'accept-ranges': 'bytes',
41 verbose headers   date: 'Sat, 01 Jul 2017 05:15:34 GMT',
41 verbose headers   via: '1.1 varnish',
41 verbose headers   connection: 'keep-alive',
41 verbose headers   'x-served-by': 'cache-sin18020-SIN',
41 verbose headers   'x-cache': 'MISS',
41 verbose headers   'x-cache-hits': '0',
41 verbose headers   'x-timer': 'S1498886134.571705,VS0,VE858',
41 verbose headers   vary: 'Accept-Encoding' }
42 verbose request invalidating /Users/timothymarwick/.npm/registry.npmjs.org/magikcraft_npm_mock_package on PUT
43 error publish Failed PUT 403
44 verbose stack Error: "You cannot publish over the previously published version 1.0.1." : magikcraft_npm_mock_package
44 verbose stack     at makeError (/Users/timothymarwick/.nvm/versions/node/v7.6.0/lib/node_modules/npm/node_modules/npm-registry-client/lib/request.js:304:12)
44 verbose stack     at CachingRegistryClient.<anonymous> (/Users/timothymarwick/.nvm/versions/node/v7.6.0/lib/node_modules/npm/node_modules/npm-registry-client/lib/request.js:292:14)
44 verbose stack     at Request._callback (/Users/timothymarwick/.nvm/versions/node/v7.6.0/lib/node_modules/npm/node_modules/npm-registry-client/lib/request.js:212:14)
44 verbose stack     at Request.self.callback (/Users/timothymarwick/.nvm/versions/node/v7.6.0/lib/node_modules/npm/node_modules/request/request.js:186:22)
44 verbose stack     at emitTwo (events.js:106:13)
44 verbose stack     at Request.emit (events.js:192:7)
44 verbose stack     at Request.<anonymous> (/Users/timothymarwick/.nvm/versions/node/v7.6.0/lib/node_modules/npm/node_modules/request/request.js:1081:10)
44 verbose stack     at emitOne (events.js:96:13)
44 verbose stack     at Request.emit (events.js:189:7)
44 verbose stack     at IncomingMessage.<anonymous> (/Users/timothymarwick/.nvm/versions/node/v7.6.0/lib/node_modules/npm/node_modules/request/request.js:1001:12)
45 verbose statusCode 403
46 verbose pkgid magikcraft_npm_mock_package
47 verbose cwd /Users/timothymarwick/Sites/magikcraft/magikcraft_npm_mock_package
48 error Darwin 16.6.0
49 error argv "/Users/timothymarwick/.nvm/versions/node/v7.6.0/bin/node" "/Users/timothymarwick/.nvm/versions/node/v7.6.0/bin/npm" "publish"
50 error node v7.6.0
51 error npm  v4.1.2
52 error code E403
53 error "You cannot publish over the previously published version 1.0.1." : magikcraft_npm_mock_package
54 error If you need help, you may report this error at:
54 error     <https://github.com/npm/npm/issues>
55 verbose exit [ 1, true ]
